<?xml version="1.0" encoding="UTF-8"?>
<!-- Generated by org.testng.reporters.JUnitXMLReporter -->
<testsuite ignored="0" hostname="DESKTOP-RIVO21Q" failures="0" tests="3" name="Default test" time="10.038" errors="0" timestamp="2023-11-05T15:39:41 IST">
  <testcase classname="api.Test.PetTest" name="createNewPET_test" time="5.966"/>
  <testcase classname="api.Test.PetTest" name="GetinfoPET_test" time="1.713"/>
  <testcase classname="api.Test.PetTest" name="deletePetingo_test" time="1.9"/>
</testsuite> <!-- Default test -->
