<?xml version="1.0" encoding="UTF-8"?>
<!-- Generated by org.testng.reporters.JUnitXMLReporter -->
<testsuite ignored="0" hostname="DESKTOP-RIVO21Q" failures="0" tests="4" name="Default test" time="11.631" errors="0" timestamp="2023-10-29T19:02:29 IST">
  <testcase classname="api.Test.UserTest" name="Test_postUser" time="5.02"/>
  <testcase classname="api.Test.UserTest" name="GetUser_test" time="1.981"/>
  <testcase classname="api.Test.UserTest" name="UpdateUser_test" time="2.729"/>
  <testcase classname="api.Test.UserTest" name="DeleteUser_test" time="1.356"/>
</testsuite> <!-- Default test -->
