<?xml version="1.0" encoding="UTF-8"?>
<!-- Generated by org.testng.reporters.JUnitXMLReporter -->
<testsuite ignored="0" hostname="DESKTOP-RIVO21Q" failures="0" tests="4" name="Test" time="10.441" errors="0" timestamp="2023-11-01T16:08:11 IST">
  <testcase classname="api.Test.UserTest" name="Test_postUser" time="4.298"/>
  <testcase classname="api.Test.UserTest" name="GetUser_test" time="1.148"/>
  <testcase classname="api.Test.UserTest" name="UpdateUser_test" time="2.577"/>
  <testcase classname="api.Test.UserTest" name="DeleteUser_test" time="1.126"/>
</testsuite> <!-- Test -->
