<?xml version="1.0" encoding="UTF-8"?>
<!-- Generated by org.testng.reporters.JUnitXMLReporter -->
<testsuite ignored="0" hostname="DESKTOP-RIVO21Q" failures="1" tests="4" name="Test" time="12.968" errors="0" timestamp="2023-11-02T12:48:09 IST">
  <testcase classname="api.Test.UserTest" name="Test_postUser" time="4.978"/>
  <testcase classname="api.Test.UserTest" name="GetUser_test" time="1.442">
    <failure type="java.lang.AssertionError" message="expected [204] but found [200]">
      <![CDATA[java.lang.AssertionError: expected [204] but found [200]
at api.Test.UserTest.GetUser_test(UserTest.java:60)
at java.base/java.util.ArrayList.forEach(ArrayList.java:1511)
... Removed 33 stack frames]]>
    </failure>
  </testcase> <!-- GetUser_test -->
  <testcase classname="api.Test.UserTest" name="UpdateUser_test" time="2.955"/>
  <testcase classname="api.Test.UserTest" name="DeleteUser_test" time="1.504"/>
</testsuite> <!-- Test -->
