<?xml version="1.0" encoding="UTF-8"?>
<testng-results ignored="0" total="3" passed="3" failed="0" skipped="0">
  <reporter-output>
  </reporter-output>
  <suite started-at="2023-11-07T14:52:35 IST" name="Default suite" finished-at="2023-11-07T14:52:42 IST" duration-ms="7126">
    <groups>
    </groups>
    <test started-at="2023-11-07T14:52:35 IST" name="Default test" finished-at="2023-11-07T14:52:42 IST" duration-ms="7126">
      <class name="api.Test.PetTest">
        <test-method is-config="true" signature="setup()[pri:0, instance:api.Test.PetTest@8519cb4]" started-at="2023-11-07T14:52:35 IST" name="setup" finished-at="2023-11-07T14:52:35 IST" duration-ms="374" status="PASS">
          <reporter-output>
          </reporter-output>
        </test-method> <!-- setup -->
        <test-method signature="createNewPET_test()[pri:1, instance:api.Test.PetTest@8519cb4]" started-at="2023-11-07T14:52:35 IST" name="createNewPET_test" finished-at="2023-11-07T14:52:39 IST" duration-ms="4065" status="PASS">
          <reporter-output>
          </reporter-output>
        </test-method> <!-- createNewPET_test -->
        <test-method signature="GetinfoPET_test()[pri:2, instance:api.Test.PetTest@8519cb4]" started-at="2023-11-07T14:52:39 IST" name="GetinfoPET_test" finished-at="2023-11-07T14:52:40 IST" duration-ms="1295" status="PASS">
          <reporter-output>
          </reporter-output>
        </test-method> <!-- GetinfoPET_test -->
        <test-method signature="deletePetingo_test()[pri:3, instance:api.Test.PetTest@8519cb4]" started-at="2023-11-07T14:52:40 IST" name="deletePetingo_test" finished-at="2023-11-07T14:52:42 IST" duration-ms="1295" status="PASS">
          <reporter-output>
          </reporter-output>
        </test-method> <!-- deletePetingo_test -->
      </class> <!-- api.Test.PetTest -->
    </test> <!-- Default test -->
  </suite> <!-- Default suite -->
</testng-results>
